<?xml version="1.0" encoding="UTF-8"?>
<!-- Generated by org.testng.reporters.JUnitReportReporter -->
<testsuite hostname="KUNTAL" failures="0" tests="2" name="cucumber.Options.TestRunner" time="17.368" errors="0" timestamp="2024-06-18T20:18:36 IST" skipped="0">
  <testcase classname="cucumber.Options.TestRunner" name="runScenario" time="9.553"/>
  <testcase classname="cucumber.Options.TestRunner" name="runScenario" time="7.815"/>
</testsuite> <!-- cucumber.Options.TestRunner -->
